<?xml version="1.0" encoding="UTF-8"?>
<!-- Generated by org.testng.reporters.JUnitXMLReporter -->
<testsuite ignored="0" hostname="LAPTOP-4SQA3NV4" failures="0" tests="4" name="Default test" time="42.132" errors="0" timestamp="2022-09-16T13:57:42 IST">
  <testcase classname="demologin.Login" name="loginwithbothcorrect" time="12.16"/>
  <testcase classname="demologin.Login" name="loginwithbothcorrect" time="10.947"/>
  <testcase classname="demologin.Login" name="loginwithbothcorrect" time="9.534"/>
  <testcase classname="demologin.Login" name="loginwithbothcorrect" time="9.176"/>
</testsuite> <!-- Default test -->
