<?xml version="1.0" encoding="UTF-8"?>
<!-- Generated by org.testng.reporters.JUnitXMLReporter -->
<testsuite ignored="0" hostname="LAPTOP-4SQA3NV4" failures="0" tests="4" name="Login testcases" time="44.339" errors="0" timestamp="2022-09-16T11:53:54 IST">
  <testcase classname="demologin.BothCorrect" name="loginwithbothcorrect" time="13.909"/>
  <testcase classname="demologin.BothNotcorrect" name="loginbothnotcorrect" time="9.985"/>
  <testcase classname="demologin.CorrectPassword" name="loginwithcorrectpassword" time="10.197"/>
  <testcase classname="demologin.CorrectUserName" name="loginwithcorrectusername" time="10.165"/>
</testsuite> <!-- Login testcases -->
