<?xml version="1.0" encoding="UTF-8"?>
<testng-results ignored="0" total="4" passed="4" failed="0" skipped="0">
  <reporter-output>
  </reporter-output>
  <suite started-at="2022-09-16T13:57:00 IST" name="Default suite" finished-at="2022-09-16T13:57:42 IST" duration-ms="42132">
    <groups>
    </groups>
    <test started-at="2022-09-16T13:57:00 IST" name="Default test" finished-at="2022-09-16T13:57:42 IST" duration-ms="42132">
      <class name="demologin.Login">
        <test-method signature="loginwithbothcorrect(java.lang.String,java.lang.String)[pri:0, instance:demologin.Login@647e447]" started-at="2022-09-16T13:57:00 IST" name="loginwithbothcorrect" data-provider="LoginData" finished-at="2022-09-16T13:57:12 IST" duration-ms="12160" status="PASS">
          <params>
            <param index="0">
              <value>
                <![CDATA[Admin]]>
              </value>
            </param>
            <param index="1">
              <value>
                <![CDATA[admin123]]>
              </value>
            </param>
          </params>
          <reporter-output>
          </reporter-output>
        </test-method> <!-- loginwithbothcorrect -->
        <test-method signature="loginwithbothcorrect(java.lang.String,java.lang.String)[pri:0, instance:demologin.Login@647e447]" started-at="2022-09-16T13:57:12 IST" name="loginwithbothcorrect" data-provider="LoginData" finished-at="2022-09-16T13:57:23 IST" duration-ms="10947" status="PASS">
          <params>
            <param index="0">
              <value>
                <![CDATA[Admin]]>
              </value>
            </param>
            <param index="1">
              <value>
                <![CDATA[admmh]]>
              </value>
            </param>
          </params>
          <reporter-output>
          </reporter-output>
        </test-method> <!-- loginwithbothcorrect -->
        <test-method signature="loginwithbothcorrect(java.lang.String,java.lang.String)[pri:0, instance:demologin.Login@647e447]" started-at="2022-09-16T13:57:23 IST" name="loginwithbothcorrect" data-provider="LoginData" finished-at="2022-09-16T13:57:33 IST" duration-ms="9534" status="PASS">
          <params>
            <param index="0">
              <value>
                <![CDATA[Adin]]>
              </value>
            </param>
            <param index="1">
              <value>
                <![CDATA[admin123]]>
              </value>
            </param>
          </params>
          <reporter-output>
          </reporter-output>
        </test-method> <!-- loginwithbothcorrect -->
        <test-method signature="loginwithbothcorrect(java.lang.String,java.lang.String)[pri:0, instance:demologin.Login@647e447]" started-at="2022-09-16T13:57:33 IST" name="loginwithbothcorrect" data-provider="LoginData" finished-at="2022-09-16T13:57:42 IST" duration-ms="9176" status="PASS">
          <params>
            <param index="0">
              <value>
                <![CDATA[asdfg]]>
              </value>
            </param>
            <param index="1">
              <value>
                <![CDATA[yhhhjk]]>
              </value>
            </param>
          </params>
          <reporter-output>
          </reporter-output>
        </test-method> <!-- loginwithbothcorrect -->
      </class> <!-- demologin.Login -->
    </test> <!-- Default test -->
  </suite> <!-- Default suite -->
</testng-results>
